#
# There is insufficient memory for the Java Runtime Environment to continue.
# Native memory allocation (mmap) failed to map 127926272 bytes for G1 virtual space
# Possible reasons:
#   The system is out of physical RAM or swap space
#   The process is running with CompressedOops enabled, and the Java Heap may be blocking the growth of the native heap
# Possible solutions:
#   Reduce memory load on the system
#   Increase physical memory or swap space
#   Check if swap backing store is full
#   Decrease Java heap size (-Xmx/-Xms)
#   Decrease number of Java threads
#   Decrease Java thread stack sizes (-Xss)
#   Set larger code cache with -XX:ReservedCodeCacheSize=
#   JVM is running with Unscaled Compressed Oops mode in which the Java heap is
#     placed in the first 4GB address space. The Java Heap base address is the
#     maximum limit for the native heap growth. Please use -XX:HeapBaseMinAddress
#     to set the Java Heap base and to place the Java Heap above 4GB virtual address.
# This output file may be truncated or incomplete.
#
#  Out of Memory Error (os_windows.cpp:3769), pid=4080, tid=1552
#
# JRE version:  (17.0.6+10) (build )
# Java VM: OpenJDK 64-Bit Server VM (17.0.6+10-b829.9, mixed mode, sharing, tiered, compressed oops, compressed class ptrs, g1 gc, windows-amd64)
# No core dump will be written. Minidumps are not enabled by default on client versions of Windows
#

---------------  S U M M A R Y ------------

Command Line: git4idea.http.GitAskPassApp Username for 'https://github.com': 

Host: Intel(R) Core(TM) i7-3687U CPU @ 2.10GHz, 4 cores, 7G,  Windows 10 , 64 bit Build 15063 (10.0.15063.1058)
Time: Wed Jun  7 11:36:52 2023 SE Asia Standard Time elapsed time: 0.015362 seconds (0d 0h 0m 0s)

---------------  T H R E A D  ---------------

Current thread (0x0000027620e6a7e0):  JavaThread "Unknown thread" [_thread_in_vm, id=1552, stack(0x0000009635000000,0x0000009635100000)]

Stack: [0x0000009635000000,0x0000009635100000]
Native frames: (J=compiled Java code, j=interpreted, Vv=VM code, C=native code)
V  [jvm.dll+0x683c5a]
V  [jvm.dll+0x842764]
V  [jvm.dll+0x843f5e]
V  [jvm.dll+0x8445c3]
V  [jvm.dll+0x249b75]
V  [jvm.dll+0x680b29]
V  [jvm.dll+0x67501a]
V  [jvm.dll+0x309acb]
V  [jvm.dll+0x310f86]
V  [jvm.dll+0x3608ee]
V  [jvm.dll+0x360b1f]
V  [jvm.dll+0x2dfbf8]
V  [jvm.dll+0x2e0b64]
V  [jvm.dll+0x814051]
V  [jvm.dll+0x36e6a1]
V  [jvm.dll+0x7f358c]
V  [jvm.dll+0x3f0e8f]
V  [jvm.dll+0x3f29d1]
C  [jli.dll+0x526b]
C  [ucrtbase.dll+0x20279]
C  [KERNEL32.DLL+0x12784]
C  [ntdll.dll+0x50c31]


---------------  P R O C E S S  ---------------

Threads class SMR info:
_java_thread_list=0x00007ffb14adc058, length=0, elements={
}

Java Threads: ( => current thread )

Other Threads:
  0x0000027620ec3f30 GCTaskThread "GC Thread#0" [stack: 0x0000009635100000,0x0000009635200000] [id=6452]
  0x0000027620ed4c70 ConcurrentGCThread "G1 Main Marker" [stack: 0x0000009635200000,0x0000009635300000] [id=232]
  0x0000027620ed5680 ConcurrentGCThread "G1 Conc#0" [stack: 0x0000009635300000,0x0000009635400000] [id=8484]

[error occurred during error reporting (printing all threads), id 0xc0000005, EXCEPTION_ACCESS_VIOLATION (0xc0000005) at pc=0x00007ffb14290797]

VM state: not at safepoint (not fully initialized)

VM Mutex/Monitor currently owned by a thread:  ([mutex/lock_event])
[0x0000027620e66a60] Heap_lock - owner thread: 0x0000027620e6a7e0

Heap address: 0x0000000086e00000, size: 1938 MB, Compressed Oops mode: 32-bit

CDS archive(s) mapped at: [0x0000000000000000-0x0000000000000000-0x0000000000000000), size 0, SharedBaseAddress: 0x0000000800000000, ArchiveRelocationMode: 0.
Narrow klass base: 0x0000000000000000, Narrow klass shift: 0, Narrow klass range: 0x0

GC Precious Log:
<Empty>

Heap:
 garbage-first heap   total 0K, used 0K [0x0000000086e00000, 0x0000000100000000)
  region size 1024K, 0 young (0K), 0 survivors (0K)

[error occurred during error reporting (printing heap information), id 0xc0000005, EXCEPTION_ACCESS_VIOLATION (0xc0000005) at pc=0x00007ffb1467da49]

GC Heap History (0 events):
No events

Dll operation events (1 events):
Event: 0.009 Loaded shared library D:\IntelliJ IDEA 2023.1.2\jbr\bin\java.dll

Deoptimization events (0 events):
No events

Classes unloaded (0 events):
No events

Classes redefined (0 events):
No events

Internal exceptions (0 events):
No events

VM Operations (0 events):
No events

Events (0 events):
No events


Dynamic libraries:
0x00007ff618930000 - 0x00007ff61893a000 	D:\IntelliJ IDEA 2023.1.2\jbr\bin\java.exe
0x00007ffb45cc0000 - 0x00007ffb45e9b000 	C:\Windows\SYSTEM32\ntdll.dll
0x00007ffb44f00000 - 0x00007ffb44fae000 	C:\Windows\System32\KERNEL32.DLL
0x00007ffb42b50000 - 0x00007ffb42d9a000 	C:\Windows\System32\KERNELBASE.dll
0x00007ffb421e0000 - 0x00007ffb422d6000 	C:\Windows\System32\ucrtbase.dll
0x00007ffb31130000 - 0x00007ffb31147000 	D:\IntelliJ IDEA 2023.1.2\jbr\bin\jli.dll
0x00007ffb43390000 - 0x00007ffb434da000 	C:\Windows\System32\USER32.dll
0x00007ffb3b0e0000 - 0x00007ffb3b347000 	C:\Windows\WinSxS\amd64_microsoft.windows.common-controls_6595b64144ccf1df_6.0.15063.1155_none_40c7922129a7722b\COMCTL32.dll
0x00007ffb42da0000 - 0x00007ffb42dbe000 	C:\Windows\System32\win32u.dll
0x00007ffb449d0000 - 0x00007ffb44a6d000 	C:\Windows\System32\msvcrt.dll
0x00007ffb43560000 - 0x00007ffb43587000 	C:\Windows\System32\GDI32.dll
0x00007ffb43030000 - 0x00007ffb431b8000 	C:\Windows\System32\gdi32full.dll
0x00007ffb3e4b0000 - 0x00007ffb3e4cb000 	D:\IntelliJ IDEA 2023.1.2\jbr\bin\VCRUNTIME140.dll
0x00007ffb44c00000 - 0x00007ffb44ef9000 	C:\Windows\System32\combase.dll
0x00007ffb42dc0000 - 0x00007ffb42e5a000 	C:\Windows\System32\msvcp_win.dll
0x00007ffb457d0000 - 0x00007ffb458f5000 	C:\Windows\System32\RPCRT4.dll
0x00007ffb42390000 - 0x00007ffb423fa000 	C:\Windows\System32\bcryptPrimitives.dll
0x00007ffb44a70000 - 0x00007ffb44a9d000 	C:\Windows\System32\IMM32.DLL
0x00007ffb3e4a0000 - 0x00007ffb3e4ac000 	D:\IntelliJ IDEA 2023.1.2\jbr\bin\vcruntime140_1.dll
0x00007ffb2ee50000 - 0x00007ffb2eedd000 	D:\IntelliJ IDEA 2023.1.2\jbr\bin\msvcp140.dll
0x00007ffb13fa0000 - 0x00007ffb14c0e000 	D:\IntelliJ IDEA 2023.1.2\jbr\bin\server\jvm.dll
0x00007ffb45900000 - 0x00007ffb459a1000 	C:\Windows\System32\ADVAPI32.dll
0x00007ffb45b50000 - 0x00007ffb45ba9000 	C:\Windows\System32\sechost.dll
0x00007ffb38120000 - 0x00007ffb38129000 	C:\Windows\SYSTEM32\WSOCK32.dll
0x00007ffb3c070000 - 0x00007ffb3c093000 	C:\Windows\SYSTEM32\WINMM.dll
0x00007ffb44fb0000 - 0x00007ffb4501c000 	C:\Windows\System32\WS2_32.dll
0x00007ffb39cb0000 - 0x00007ffb39cba000 	C:\Windows\SYSTEM32\VERSION.dll
0x00007ffb3c040000 - 0x00007ffb3c06b000 	C:\Windows\SYSTEM32\WINMMBASE.dll
0x00007ffb42400000 - 0x00007ffb42449000 	C:\Windows\System32\cfgmgr32.dll
0x00007ffb421a0000 - 0x00007ffb421b1000 	C:\Windows\System32\kernel.appcore.dll
0x00007ffb3bc80000 - 0x00007ffb3bc8a000 	D:\IntelliJ IDEA 2023.1.2\jbr\bin\jimage.dll
0x00007ffb381e0000 - 0x00007ffb38389000 	C:\Windows\SYSTEM32\DBGHELP.DLL
0x00007ffb381b0000 - 0x00007ffb381d9000 	C:\Windows\SYSTEM32\dbgcore.DLL
0x00007ffb31170000 - 0x00007ffb31195000 	D:\IntelliJ IDEA 2023.1.2\jbr\bin\java.dll

dbghelp: loaded successfully - version: 4.0.5 - missing functions: none
symbol engine: initialized successfully - sym options: 0x614 - pdb path: .;D:\IntelliJ IDEA 2023.1.2\jbr\bin;C:\Windows\SYSTEM32;C:\Windows\WinSxS\amd64_microsoft.windows.common-controls_6595b64144ccf1df_6.0.15063.1155_none_40c7922129a7722b;D:\IntelliJ IDEA 2023.1.2\jbr\bin\server

VM Arguments:
java_command: git4idea.http.GitAskPassApp Username for 'https://github.com': 
java_class_path (initial): D:/IntelliJ IDEA 2023.1.2/plugins/vcs-git/lib/git4idea-rt.jar;D:/IntelliJ IDEA 2023.1.2/lib/externalProcess-rt.jar
Launcher Type: SUN_STANDARD

[Global flags]
     intx CICompilerCount                          = 3                                         {product} {ergonomic}
     uint ConcGCThreads                            = 1                                         {product} {ergonomic}
     uint G1ConcRefinementThreads                  = 4                                         {product} {ergonomic}
   size_t G1HeapRegionSize                         = 1048576                                   {product} {ergonomic}
    uintx GCDrainStackTargetSize                   = 64                                        {product} {ergonomic}
   size_t InitialHeapSize                          = 127926272                                 {product} {ergonomic}
   size_t MarkStackSize                            = 4194304                                   {product} {ergonomic}
   size_t MaxHeapSize                              = 2032140288                                {product} {ergonomic}
   size_t MinHeapDeltaBytes                        = 1048576                                   {product} {ergonomic}
   size_t MinHeapSize                              = 8388608                                   {product} {ergonomic}
    uintx NonNMethodCodeHeapSize                   = 5832780                                {pd product} {ergonomic}
    uintx NonProfiledCodeHeapSize                  = 122912730                              {pd product} {ergonomic}
    uintx ProfiledCodeHeapSize                     = 122912730                              {pd product} {ergonomic}
    uintx ReservedCodeCacheSize                    = 251658240                              {pd product} {ergonomic}
     bool SegmentedCodeCache                       = true                                      {product} {ergonomic}
   size_t SoftMaxHeapSize                          = 2032140288                             {manageable} {ergonomic}
     bool UseCompressedClassPointers               = true                           {product lp64_product} {ergonomic}
     bool UseCompressedOops                        = true                           {product lp64_product} {ergonomic}
     bool UseG1GC                                  = true                                      {product} {ergonomic}
     bool UseLargePagesIndividualAllocation        = false                                  {pd product} {ergonomic}

Logging:
Log output configuration:
 #0: stdout all=warning uptime,level,tags
 #1: stderr all=off uptime,level,tags

Environment Variables:
JAVA_HOME=C:\Program Files\Java\jdk-11.0.11
CLASSPATH=.;
PATH=E:\TPsTech\Software\Git\mingw64\libexec\git-core;E:\TPsTech\Software\Git\mingw64\libexec\git-core;E:\TPsTech\Software\Git\mingw64\bin;E:\TPsTech\Software\Git\usr\bin;C:\Users\Admin\bin;C:\Program Files (x86)\Common Files\Oracle\Java\javapath;C:\ProgramData\DockerDesktop\version-bin;C:\Program Files\Docker\Docker\Resources\bin;C:\Program Files\Common Files\Oracle\Java\javapath;C:\Windows\system32;C:\Windows;C:\Windows\System32\Wbem;C:\Windows\System32\WindowsPowerShell\v1.0;C:\ProgramData\chocolatey\bin;E:\TPsTech\Software\Git\cmd;C:\Users\Admin\AppData\Local\Android\Sdk\platform-tools;C:\Program Files\Java\jdk-11.0.11\bin;C:\Users\Admin\AppData\Local\Android\Sdk;C:\Program Files\Genymobile\Genymotion\tools;C:\Program Files (x86)\PuTTY;C:\Users\Admin\Downloads\php-7.4.9-nts-Win32-vc15-x64;C:\Program Files\Microsoft\Web Platform Installer;C:\Users\Admin\Downloads\apache-maven-3.6.3-bin\apache-maven-3.6.3\bin;C:\Users\Admin\Downloads\php-7.4.21-nts-Win32-vc15-x64;E:\TPsTech\Software\php\php-8.0.9-nts-Win32-vs16-x64;E:\TPsTech\Software\python;E:\TPsTech\Software\python\Scripts;E:\TPsTech\Software\gtk2\GTK2-Runtime Win64\bin;E:\TPsTech\Software\gtk2\GTK2-Runtime Win64\bin;C:\composer;E:\TPsTech\Software\python\Scripts;E:\TPsTech\Software\python;C:\Users\Admin\AppData\Local\Microsoft\WindowsApps;E:\TPsTech\Software\Microsoft VS Code\bin;C:\Users\Admin\Downloads\apache-maven-3.6.3-bin\apache-maven-3.6.3\bin;C:\Program Files\Genymobile\Genymotion\tools;C:\Users\Admin\AppData\Local\Android\Sdk\platform-tools;C:\Users\Admin\AppData\Local\Android\Sdk;C:\Users\Admin\AppData\Local\Programs\Microsoft VS Code\bin;C:\Users\Admin\AppData\Roaming\Composer\vendor\bin;D:\IntelliJ IDEA Community Edition 2021.2.4\bin
USERNAME=Admin
DISPLAY=:0.0
LC_ALL=en_US.UTF-8
TERM=cygwin
TMPDIR=C:\Users\Admin\AppData\Local\Temp
OS=Windows_NT
PROCESSOR_IDENTIFIER=Intel64 Family 6 Model 58 Stepping 9, GenuineIntel
TMP=C:\Users\Admin\AppData\Local\Temp
TEMP=C:\Users\Admin\AppData\Local\Temp


JNI global refs:

[error occurred during error reporting (JNI global references), id 0xc0000005, EXCEPTION_ACCESS_VIOLATION (0xc0000005) at pc=0x00007ffb14057a10]


---------------  S Y S T E M  ---------------

OS:
 Windows 10 , 64 bit Build 15063 (10.0.15063.1058)
OS uptime: 1 days 3:34 hours

CPU: total 4 (initial active 4) (2 cores per cpu, 2 threads per core) family 6 model 58 stepping 9 microcode 0x1f, cx8, cmov, fxsr, ht, mmx, sse, sse2, sse3, ssse3, sse4.1, sse4.2, popcnt, tsc, tscinvbit, avx, erms, clmul, vzeroupper, clflush

Memory: 4k page, system-wide physical 7750M (556M free)
TotalPageFile size 7750M (AvailPageFile size 92M)
current process WorkingSet (physical memory assigned to process): 10M, peak: 10M
current process commit charge ("private bytes"): 52M, peak: 174M

vm_info: OpenJDK 64-Bit Server VM (17.0.6+10-b829.9) for windows-amd64 JRE (17.0.6+10-b829.9), built on 2023-04-09 by "builduser" with MS VC++ 16.10 / 16.11 (VS2019)

END.
